2023-12-26 19:50:31,227:WARNING:
'cuml' is a soft dependency and not included in the pycaret installation. Please run: `pip install cuml` to install.
2023-12-26 19:50:31,227:WARNING:
'cuml' is a soft dependency and not included in the pycaret installation. Please run: `pip install cuml` to install.
2023-12-26 19:50:31,227:WARNING:
'cuml' is a soft dependency and not included in the pycaret installation. Please run: `pip install cuml` to install.
2023-12-26 19:50:31,227:WARNING:
'cuml' is a soft dependency and not included in the pycaret installation. Please run: `pip install cuml` to install.
2023-12-26 19:50:32,514:INFO:Initializing load_model()
2023-12-26 19:50:32,514:INFO:load_model(model_name=recursos/modelo-previsao-preco-diamante, platform=None, authentication=None, verbose=True)
2023-12-26 19:51:11,573:INFO:Initializing load_model()
2023-12-26 19:51:11,573:INFO:load_model(model_name=recursos/modelo-previsao-preco-diamante, platform=None, authentication=None, verbose=True)
2023-12-26 19:51:15,709:INFO:Initializing load_model()
2023-12-26 19:51:15,709:INFO:load_model(model_name=recursos/modelo-previsao-preco-diamante, platform=None, authentication=None, verbose=True)
2023-12-26 19:53:11,201:INFO:Initializing load_model()
2023-12-26 19:53:11,201:INFO:load_model(model_name=recursos/modelo-previsao-preco-diamante, platform=None, authentication=None, verbose=True)
2023-12-26 19:53:13,912:INFO:Initializing load_model()
2023-12-26 19:53:13,912:INFO:load_model(model_name=recursos/modelo-previsao-preco-diamante, platform=None, authentication=None, verbose=True)
2023-12-26 19:53:17,181:INFO:Initializing load_model()
2023-12-26 19:53:17,181:INFO:load_model(model_name=recursos/modelo-previsao-preco-diamante, platform=None, authentication=None, verbose=True)
2023-12-26 19:55:13,121:INFO:Initializing load_model()
2023-12-26 19:55:13,121:INFO:load_model(model_name=recursos/modelo-previsao-preco-diamante, platform=None, authentication=None, verbose=True)
2023-12-26 19:55:17,682:INFO:Initializing load_model()
2023-12-26 19:55:17,682:INFO:load_model(model_name=recursos/modelo-previsao-preco-diamante, platform=None, authentication=None, verbose=True)
2023-12-26 21:13:42,639:INFO:Initializing load_model()
2023-12-26 21:13:42,640:INFO:load_model(model_name=recursos/modelo-previsao-preco-diamante, platform=None, authentication=None, verbose=True)
2023-12-26 21:13:46,815:INFO:Initializing load_model()
2023-12-26 21:13:46,815:INFO:load_model(model_name=recursos/modelo-previsao-preco-diamante, platform=None, authentication=None, verbose=True)
2023-12-26 21:13:58,397:INFO:Initializing load_model()
2023-12-26 21:13:58,397:INFO:load_model(model_name=recursos/modelo-previsao-preco-diamante, platform=None, authentication=None, verbose=True)
2023-12-26 21:14:27,157:INFO:Initializing load_model()
2023-12-26 21:14:27,157:INFO:load_model(model_name=recursos/modelo-previsao-preco-diamante, platform=None, authentication=None, verbose=True)
2023-12-26 21:15:01,722:INFO:Initializing load_model()
2023-12-26 21:15:01,722:INFO:load_model(model_name=recursos/modelo-previsao-preco-diamante, platform=None, authentication=None, verbose=True)
2023-12-26 21:17:12,978:INFO:Initializing load_model()
2023-12-26 21:17:12,978:INFO:load_model(model_name=recursos/modelo-previsao-preco-diamante, platform=None, authentication=None, verbose=True)
2023-12-26 21:19:11,133:INFO:Initializing load_model()
2023-12-26 21:19:11,133:INFO:load_model(model_name=recursos/modelo-previsao-preco-diamante, platform=None, authentication=None, verbose=True)
2023-12-26 21:19:13,036:INFO:Initializing load_model()
2023-12-26 21:19:13,036:INFO:load_model(model_name=recursos/modelo-previsao-preco-diamante, platform=None, authentication=None, verbose=True)
2023-12-26 21:20:13,648:INFO:Initializing load_model()
2023-12-26 21:20:13,648:INFO:load_model(model_name=recursos/modelo-previsao-preco-diamante, platform=None, authentication=None, verbose=True)
2023-12-26 21:21:31,718:INFO:Initializing load_model()
2023-12-26 21:21:31,719:INFO:load_model(model_name=recursos/modelo-previsao-preco-diamante.pkl, platform=None, authentication=None, verbose=True)
2023-12-26 21:21:45,163:INFO:Initializing load_model()
2023-12-26 21:21:45,163:INFO:load_model(model_name=recursos/modelo-previsao-preco-diamante, platform=None, authentication=None, verbose=True)
2023-12-26 21:25:02,953:WARNING:
'cuml' is a soft dependency and not included in the pycaret installation. Please run: `pip install cuml` to install.
2023-12-26 21:25:02,953:WARNING:
'cuml' is a soft dependency and not included in the pycaret installation. Please run: `pip install cuml` to install.
2023-12-26 21:25:02,953:WARNING:
'cuml' is a soft dependency and not included in the pycaret installation. Please run: `pip install cuml` to install.
2023-12-26 21:25:02,954:WARNING:
'cuml' is a soft dependency and not included in the pycaret installation. Please run: `pip install cuml` to install.
2023-12-26 21:25:04,182:INFO:Initializing load_model()
2023-12-26 21:25:04,182:INFO:load_model(model_name=recursos/modelo-previsao-preco-diamante, platform=None, authentication=None, verbose=True)
2023-12-26 21:25:20,328:INFO:Initializing load_model()
2023-12-26 21:25:20,329:INFO:load_model(model_name=recursos/modelo-previsao-preco-diamante, platform=None, authentication=None, verbose=True)
2023-12-26 21:25:28,703:INFO:Initializing load_model()
2023-12-26 21:25:28,704:INFO:load_model(model_name=recursos/modelo-previsao-preco-diamante, platform=None, authentication=None, verbose=True)
2023-12-26 22:10:47,402:INFO:Initializing load_model()
2023-12-26 22:10:47,402:INFO:load_model(model_name=recursos/modelo-previsao-preco-diamante, platform=None, authentication=None, verbose=True)
2023-12-26 22:17:51,867:WARNING:
'cuml' is a soft dependency and not included in the pycaret installation. Please run: `pip install cuml` to install.
2023-12-26 22:17:51,868:WARNING:
'cuml' is a soft dependency and not included in the pycaret installation. Please run: `pip install cuml` to install.
2023-12-26 22:17:51,868:WARNING:
'cuml' is a soft dependency and not included in the pycaret installation. Please run: `pip install cuml` to install.
2023-12-26 22:17:51,868:WARNING:
'cuml' is a soft dependency and not included in the pycaret installation. Please run: `pip install cuml` to install.
2023-12-26 22:17:53,079:INFO:Initializing load_model()
2023-12-26 22:17:53,079:INFO:load_model(model_name=recursos/modelo-previsao-preco-diamante, platform=None, authentication=None, verbose=True)
2023-12-26 22:19:06,540:INFO:Initializing load_model()
2023-12-26 22:19:06,540:INFO:load_model(model_name=recursos/modelo-previsao-preco-diamante, platform=None, authentication=None, verbose=True)
2023-12-26 22:19:08,180:INFO:Initializing load_model()
2023-12-26 22:19:08,180:INFO:load_model(model_name=recursos/modelo-previsao-preco-diamante, platform=None, authentication=None, verbose=True)
2023-12-26 22:19:10,437:INFO:Initializing load_model()
2023-12-26 22:19:10,438:INFO:load_model(model_name=recursos/modelo-previsao-preco-diamante, platform=None, authentication=None, verbose=True)
2023-12-27 17:41:36,874:WARNING:
'cuml' is a soft dependency and not included in the pycaret installation. Please run: `pip install cuml` to install.
2023-12-27 17:41:36,875:WARNING:
'cuml' is a soft dependency and not included in the pycaret installation. Please run: `pip install cuml` to install.
2023-12-27 17:41:36,875:WARNING:
'cuml' is a soft dependency and not included in the pycaret installation. Please run: `pip install cuml` to install.
2023-12-27 17:41:36,876:WARNING:
'cuml' is a soft dependency and not included in the pycaret installation. Please run: `pip install cuml` to install.
2023-12-27 17:41:38,223:INFO:Initializing load_model()
2023-12-27 17:41:38,223:INFO:load_model(model_name=recursos/modelo-previsao-preco-diamante, platform=None, authentication=None, verbose=True)
2023-12-27 17:42:13,963:INFO:Initializing load_model()
2023-12-27 17:42:13,963:INFO:load_model(model_name=recursos/modelo-previsao-preco-diamante, platform=None, authentication=None, verbose=True)
2023-12-27 17:46:24,870:INFO:Initializing load_model()
2023-12-27 17:46:24,870:INFO:load_model(model_name=recursos/modelo-previsao-preco-diamante, platform=None, authentication=None, verbose=True)
2023-12-27 17:46:25,100:WARNING:/usr/local/lib/python3.9/site-packages/pycaret/internal/pipeline.py:135: UserWarning: Version mismatch:
current: {'deps_info': {'pip': '23.3.2', 'setuptools': '58.1.0', 'pycaret': '3.0.4', 'IPython': '8.18.1', 'ipywidgets': '8.1.1', 'tqdm': '4.66.1', 'numpy': '1.23.5', 'pandas': '1.5.3', 'jinja2': '3.1.2', 'scipy': '1.11.4', 'joblib': '1.3.2', 'sklearn': '1.2.2', 'pyod': '1.1.2', 'imblearn': '0.11.0', 'category_encoders': '2.6.3', 'lightgbm': '4.2.0', 'numba': '0.58.1', 'requests': '2.31.0', 'matplotlib': '3.7.0', 'scikitplot': '0.3.7', 'yellowbrick': '1.5', 'plotly': '5.18.0', 'plotly-resampler': 'Not installed', 'kaleido': '0.2.1', 'schemdraw': '0.15', 'statsmodels': '0.14.1', 'sktime': '0.25.0', 'tbats': '1.1.3', 'pmdarima': '2.0.4', 'psutil': '5.9.7', 'markupsafe': '2.1.3', 'pickle5': 'Not installed', 'cloudpickle': '3.0.0', 'deprecation': '2.1.0', 'xxhash': '3.4.1', 'wurlitzer': '3.0.3'}, 'python': {'version': '3.9.18', 'machine': 'x86_64'}}
pickle: {'deps_info': {'pip': '23.1.2', 'setuptools': '67.7.2', 'pycaret': '3.2.0', 'IPython': '7.34.0', 'ipywidgets': '7.7.1', 'tqdm': '4.66.1', 'numpy': '1.23.5', 'pandas': '1.5.3', 'jinja2': '3.1.2', 'scipy': '1.10.1', 'joblib': '1.3.2', 'sklearn': '1.2.2', 'pyod': '1.1.2', 'imblearn': '0.10.1', 'category_encoders': '2.6.3', 'lightgbm': '4.1.0', 'numba': '0.58.1', 'requests': '2.31.0', 'matplotlib': '3.6.0', 'scikitplot': '0.3.7', 'yellowbrick': '1.5', 'plotly': '5.15.0', 'plotly-resampler': 'Not installed', 'kaleido': '0.2.1', 'schemdraw': '0.15', 'statsmodels': '0.14.1', 'sktime': '0.21.1', 'tbats': '1.1.3', 'pmdarima': '2.0.4', 'psutil': '5.9.5', 'markupsafe': '2.1.3', 'pickle5': 'Not installed', 'cloudpickle': '2.2.1', 'deprecation': '2.1.0', 'xxhash': '3.4.1', 'wurlitzer': '3.0.3'}, 'python': {'version': '3.10.12', 'machine': 'x86_64'}}
  warnings.warn(

2023-12-27 17:46:40,400:INFO:Initializing load_model()
2023-12-27 17:46:40,400:INFO:load_model(model_name=recursos/modelo-previsao-preco-diamante, platform=None, authentication=None, verbose=True)
2023-12-27 17:46:40,596:WARNING:/usr/local/lib/python3.9/site-packages/pycaret/internal/pipeline.py:135: UserWarning: Version mismatch:
current: {'deps_info': {'pip': '23.3.2', 'setuptools': '58.1.0', 'pycaret': '3.0.4', 'IPython': '8.18.1', 'ipywidgets': '8.1.1', 'tqdm': '4.66.1', 'numpy': '1.23.5', 'pandas': '1.5.3', 'jinja2': '3.1.2', 'scipy': '1.11.4', 'joblib': '1.3.2', 'sklearn': '1.2.2', 'pyod': '1.1.2', 'imblearn': '0.11.0', 'category_encoders': '2.6.3', 'lightgbm': '4.2.0', 'numba': '0.58.1', 'requests': '2.31.0', 'matplotlib': '3.7.0', 'scikitplot': '0.3.7', 'yellowbrick': '1.5', 'plotly': '5.18.0', 'plotly-resampler': 'Not installed', 'kaleido': '0.2.1', 'schemdraw': '0.15', 'statsmodels': '0.14.1', 'sktime': '0.25.0', 'tbats': '1.1.3', 'pmdarima': '2.0.4', 'psutil': '5.9.7', 'markupsafe': '2.1.3', 'pickle5': 'Not installed', 'cloudpickle': '3.0.0', 'deprecation': '2.1.0', 'xxhash': '3.4.1', 'wurlitzer': '3.0.3'}, 'python': {'version': '3.9.18', 'machine': 'x86_64'}}
pickle: {'deps_info': {'pip': '23.1.2', 'setuptools': '67.7.2', 'pycaret': '3.2.0', 'IPython': '7.34.0', 'ipywidgets': '7.7.1', 'tqdm': '4.66.1', 'numpy': '1.23.5', 'pandas': '1.5.3', 'jinja2': '3.1.2', 'scipy': '1.10.1', 'joblib': '1.3.2', 'sklearn': '1.2.2', 'pyod': '1.1.2', 'imblearn': '0.10.1', 'category_encoders': '2.6.3', 'lightgbm': '4.1.0', 'numba': '0.58.1', 'requests': '2.31.0', 'matplotlib': '3.6.0', 'scikitplot': '0.3.7', 'yellowbrick': '1.5', 'plotly': '5.15.0', 'plotly-resampler': 'Not installed', 'kaleido': '0.2.1', 'schemdraw': '0.15', 'statsmodels': '0.14.1', 'sktime': '0.21.1', 'tbats': '1.1.3', 'pmdarima': '2.0.4', 'psutil': '5.9.5', 'markupsafe': '2.1.3', 'pickle5': 'Not installed', 'cloudpickle': '2.2.1', 'deprecation': '2.1.0', 'xxhash': '3.4.1', 'wurlitzer': '3.0.3'}, 'python': {'version': '3.10.12', 'machine': 'x86_64'}}
  warnings.warn(

2023-12-27 17:46:41,356:INFO:Initializing load_model()
2023-12-27 17:46:41,356:INFO:load_model(model_name=recursos/modelo-previsao-preco-diamante, platform=None, authentication=None, verbose=True)
2023-12-27 17:46:41,452:WARNING:/usr/local/lib/python3.9/site-packages/pycaret/internal/pipeline.py:135: UserWarning: Version mismatch:
current: {'deps_info': {'pip': '23.3.2', 'setuptools': '58.1.0', 'pycaret': '3.0.4', 'IPython': '8.18.1', 'ipywidgets': '8.1.1', 'tqdm': '4.66.1', 'numpy': '1.23.5', 'pandas': '1.5.3', 'jinja2': '3.1.2', 'scipy': '1.11.4', 'joblib': '1.3.2', 'sklearn': '1.2.2', 'pyod': '1.1.2', 'imblearn': '0.11.0', 'category_encoders': '2.6.3', 'lightgbm': '4.2.0', 'numba': '0.58.1', 'requests': '2.31.0', 'matplotlib': '3.7.0', 'scikitplot': '0.3.7', 'yellowbrick': '1.5', 'plotly': '5.18.0', 'plotly-resampler': 'Not installed', 'kaleido': '0.2.1', 'schemdraw': '0.15', 'statsmodels': '0.14.1', 'sktime': '0.25.0', 'tbats': '1.1.3', 'pmdarima': '2.0.4', 'psutil': '5.9.7', 'markupsafe': '2.1.3', 'pickle5': 'Not installed', 'cloudpickle': '3.0.0', 'deprecation': '2.1.0', 'xxhash': '3.4.1', 'wurlitzer': '3.0.3'}, 'python': {'version': '3.9.18', 'machine': 'x86_64'}}
pickle: {'deps_info': {'pip': '23.1.2', 'setuptools': '67.7.2', 'pycaret': '3.2.0', 'IPython': '7.34.0', 'ipywidgets': '7.7.1', 'tqdm': '4.66.1', 'numpy': '1.23.5', 'pandas': '1.5.3', 'jinja2': '3.1.2', 'scipy': '1.10.1', 'joblib': '1.3.2', 'sklearn': '1.2.2', 'pyod': '1.1.2', 'imblearn': '0.10.1', 'category_encoders': '2.6.3', 'lightgbm': '4.1.0', 'numba': '0.58.1', 'requests': '2.31.0', 'matplotlib': '3.6.0', 'scikitplot': '0.3.7', 'yellowbrick': '1.5', 'plotly': '5.15.0', 'plotly-resampler': 'Not installed', 'kaleido': '0.2.1', 'schemdraw': '0.15', 'statsmodels': '0.14.1', 'sktime': '0.21.1', 'tbats': '1.1.3', 'pmdarima': '2.0.4', 'psutil': '5.9.5', 'markupsafe': '2.1.3', 'pickle5': 'Not installed', 'cloudpickle': '2.2.1', 'deprecation': '2.1.0', 'xxhash': '3.4.1', 'wurlitzer': '3.0.3'}, 'python': {'version': '3.10.12', 'machine': 'x86_64'}}
  warnings.warn(

2023-12-27 17:46:43,897:INFO:Initializing load_model()
2023-12-27 17:46:43,897:INFO:load_model(model_name=recursos/modelo-previsao-preco-diamante, platform=None, authentication=None, verbose=True)
2023-12-27 17:46:43,991:WARNING:/usr/local/lib/python3.9/site-packages/pycaret/internal/pipeline.py:135: UserWarning: Version mismatch:
current: {'deps_info': {'pip': '23.3.2', 'setuptools': '58.1.0', 'pycaret': '3.0.4', 'IPython': '8.18.1', 'ipywidgets': '8.1.1', 'tqdm': '4.66.1', 'numpy': '1.23.5', 'pandas': '1.5.3', 'jinja2': '3.1.2', 'scipy': '1.11.4', 'joblib': '1.3.2', 'sklearn': '1.2.2', 'pyod': '1.1.2', 'imblearn': '0.11.0', 'category_encoders': '2.6.3', 'lightgbm': '4.2.0', 'numba': '0.58.1', 'requests': '2.31.0', 'matplotlib': '3.7.0', 'scikitplot': '0.3.7', 'yellowbrick': '1.5', 'plotly': '5.18.0', 'plotly-resampler': 'Not installed', 'kaleido': '0.2.1', 'schemdraw': '0.15', 'statsmodels': '0.14.1', 'sktime': '0.25.0', 'tbats': '1.1.3', 'pmdarima': '2.0.4', 'psutil': '5.9.7', 'markupsafe': '2.1.3', 'pickle5': 'Not installed', 'cloudpickle': '3.0.0', 'deprecation': '2.1.0', 'xxhash': '3.4.1', 'wurlitzer': '3.0.3'}, 'python': {'version': '3.9.18', 'machine': 'x86_64'}}
pickle: {'deps_info': {'pip': '23.1.2', 'setuptools': '67.7.2', 'pycaret': '3.2.0', 'IPython': '7.34.0', 'ipywidgets': '7.7.1', 'tqdm': '4.66.1', 'numpy': '1.23.5', 'pandas': '1.5.3', 'jinja2': '3.1.2', 'scipy': '1.10.1', 'joblib': '1.3.2', 'sklearn': '1.2.2', 'pyod': '1.1.2', 'imblearn': '0.10.1', 'category_encoders': '2.6.3', 'lightgbm': '4.1.0', 'numba': '0.58.1', 'requests': '2.31.0', 'matplotlib': '3.6.0', 'scikitplot': '0.3.7', 'yellowbrick': '1.5', 'plotly': '5.15.0', 'plotly-resampler': 'Not installed', 'kaleido': '0.2.1', 'schemdraw': '0.15', 'statsmodels': '0.14.1', 'sktime': '0.21.1', 'tbats': '1.1.3', 'pmdarima': '2.0.4', 'psutil': '5.9.5', 'markupsafe': '2.1.3', 'pickle5': 'Not installed', 'cloudpickle': '2.2.1', 'deprecation': '2.1.0', 'xxhash': '3.4.1', 'wurlitzer': '3.0.3'}, 'python': {'version': '3.10.12', 'machine': 'x86_64'}}
  warnings.warn(

2023-12-27 17:46:46,480:INFO:Initializing load_model()
2023-12-27 17:46:46,480:INFO:load_model(model_name=recursos/modelo-previsao-preco-diamante, platform=None, authentication=None, verbose=True)
2023-12-27 17:46:46,657:WARNING:/usr/local/lib/python3.9/site-packages/pycaret/internal/pipeline.py:135: UserWarning: Version mismatch:
current: {'deps_info': {'pip': '23.3.2', 'setuptools': '58.1.0', 'pycaret': '3.0.4', 'IPython': '8.18.1', 'ipywidgets': '8.1.1', 'tqdm': '4.66.1', 'numpy': '1.23.5', 'pandas': '1.5.3', 'jinja2': '3.1.2', 'scipy': '1.11.4', 'joblib': '1.3.2', 'sklearn': '1.2.2', 'pyod': '1.1.2', 'imblearn': '0.11.0', 'category_encoders': '2.6.3', 'lightgbm': '4.2.0', 'numba': '0.58.1', 'requests': '2.31.0', 'matplotlib': '3.7.0', 'scikitplot': '0.3.7', 'yellowbrick': '1.5', 'plotly': '5.18.0', 'plotly-resampler': 'Not installed', 'kaleido': '0.2.1', 'schemdraw': '0.15', 'statsmodels': '0.14.1', 'sktime': '0.25.0', 'tbats': '1.1.3', 'pmdarima': '2.0.4', 'psutil': '5.9.7', 'markupsafe': '2.1.3', 'pickle5': 'Not installed', 'cloudpickle': '3.0.0', 'deprecation': '2.1.0', 'xxhash': '3.4.1', 'wurlitzer': '3.0.3'}, 'python': {'version': '3.9.18', 'machine': 'x86_64'}}
pickle: {'deps_info': {'pip': '23.1.2', 'setuptools': '67.7.2', 'pycaret': '3.2.0', 'IPython': '7.34.0', 'ipywidgets': '7.7.1', 'tqdm': '4.66.1', 'numpy': '1.23.5', 'pandas': '1.5.3', 'jinja2': '3.1.2', 'scipy': '1.10.1', 'joblib': '1.3.2', 'sklearn': '1.2.2', 'pyod': '1.1.2', 'imblearn': '0.10.1', 'category_encoders': '2.6.3', 'lightgbm': '4.1.0', 'numba': '0.58.1', 'requests': '2.31.0', 'matplotlib': '3.6.0', 'scikitplot': '0.3.7', 'yellowbrick': '1.5', 'plotly': '5.15.0', 'plotly-resampler': 'Not installed', 'kaleido': '0.2.1', 'schemdraw': '0.15', 'statsmodels': '0.14.1', 'sktime': '0.21.1', 'tbats': '1.1.3', 'pmdarima': '2.0.4', 'psutil': '5.9.5', 'markupsafe': '2.1.3', 'pickle5': 'Not installed', 'cloudpickle': '2.2.1', 'deprecation': '2.1.0', 'xxhash': '3.4.1', 'wurlitzer': '3.0.3'}, 'python': {'version': '3.10.12', 'machine': 'x86_64'}}
  warnings.warn(

2023-12-27 17:46:49,815:INFO:Initializing load_model()
2023-12-27 17:46:49,815:INFO:load_model(model_name=recursos/modelo-previsao-preco-diamante, platform=None, authentication=None, verbose=True)
2023-12-27 17:46:49,958:WARNING:/usr/local/lib/python3.9/site-packages/pycaret/internal/pipeline.py:135: UserWarning: Version mismatch:
current: {'deps_info': {'pip': '23.3.2', 'setuptools': '58.1.0', 'pycaret': '3.0.4', 'IPython': '8.18.1', 'ipywidgets': '8.1.1', 'tqdm': '4.66.1', 'numpy': '1.23.5', 'pandas': '1.5.3', 'jinja2': '3.1.2', 'scipy': '1.11.4', 'joblib': '1.3.2', 'sklearn': '1.2.2', 'pyod': '1.1.2', 'imblearn': '0.11.0', 'category_encoders': '2.6.3', 'lightgbm': '4.2.0', 'numba': '0.58.1', 'requests': '2.31.0', 'matplotlib': '3.7.0', 'scikitplot': '0.3.7', 'yellowbrick': '1.5', 'plotly': '5.18.0', 'plotly-resampler': 'Not installed', 'kaleido': '0.2.1', 'schemdraw': '0.15', 'statsmodels': '0.14.1', 'sktime': '0.25.0', 'tbats': '1.1.3', 'pmdarima': '2.0.4', 'psutil': '5.9.7', 'markupsafe': '2.1.3', 'pickle5': 'Not installed', 'cloudpickle': '3.0.0', 'deprecation': '2.1.0', 'xxhash': '3.4.1', 'wurlitzer': '3.0.3'}, 'python': {'version': '3.9.18', 'machine': 'x86_64'}}
pickle: {'deps_info': {'pip': '23.1.2', 'setuptools': '67.7.2', 'pycaret': '3.2.0', 'IPython': '7.34.0', 'ipywidgets': '7.7.1', 'tqdm': '4.66.1', 'numpy': '1.23.5', 'pandas': '1.5.3', 'jinja2': '3.1.2', 'scipy': '1.10.1', 'joblib': '1.3.2', 'sklearn': '1.2.2', 'pyod': '1.1.2', 'imblearn': '0.10.1', 'category_encoders': '2.6.3', 'lightgbm': '4.1.0', 'numba': '0.58.1', 'requests': '2.31.0', 'matplotlib': '3.6.0', 'scikitplot': '0.3.7', 'yellowbrick': '1.5', 'plotly': '5.15.0', 'plotly-resampler': 'Not installed', 'kaleido': '0.2.1', 'schemdraw': '0.15', 'statsmodels': '0.14.1', 'sktime': '0.21.1', 'tbats': '1.1.3', 'pmdarima': '2.0.4', 'psutil': '5.9.5', 'markupsafe': '2.1.3', 'pickle5': 'Not installed', 'cloudpickle': '2.2.1', 'deprecation': '2.1.0', 'xxhash': '3.4.1', 'wurlitzer': '3.0.3'}, 'python': {'version': '3.10.12', 'machine': 'x86_64'}}
  warnings.warn(

2023-12-27 17:46:51,889:INFO:Initializing load_model()
2023-12-27 17:46:51,890:INFO:load_model(model_name=recursos/modelo-previsao-preco-diamante, platform=None, authentication=None, verbose=True)
2023-12-27 17:46:52,039:WARNING:/usr/local/lib/python3.9/site-packages/pycaret/internal/pipeline.py:135: UserWarning: Version mismatch:
current: {'deps_info': {'pip': '23.3.2', 'setuptools': '58.1.0', 'pycaret': '3.0.4', 'IPython': '8.18.1', 'ipywidgets': '8.1.1', 'tqdm': '4.66.1', 'numpy': '1.23.5', 'pandas': '1.5.3', 'jinja2': '3.1.2', 'scipy': '1.11.4', 'joblib': '1.3.2', 'sklearn': '1.2.2', 'pyod': '1.1.2', 'imblearn': '0.11.0', 'category_encoders': '2.6.3', 'lightgbm': '4.2.0', 'numba': '0.58.1', 'requests': '2.31.0', 'matplotlib': '3.7.0', 'scikitplot': '0.3.7', 'yellowbrick': '1.5', 'plotly': '5.18.0', 'plotly-resampler': 'Not installed', 'kaleido': '0.2.1', 'schemdraw': '0.15', 'statsmodels': '0.14.1', 'sktime': '0.25.0', 'tbats': '1.1.3', 'pmdarima': '2.0.4', 'psutil': '5.9.7', 'markupsafe': '2.1.3', 'pickle5': 'Not installed', 'cloudpickle': '3.0.0', 'deprecation': '2.1.0', 'xxhash': '3.4.1', 'wurlitzer': '3.0.3'}, 'python': {'version': '3.9.18', 'machine': 'x86_64'}}
pickle: {'deps_info': {'pip': '23.1.2', 'setuptools': '67.7.2', 'pycaret': '3.2.0', 'IPython': '7.34.0', 'ipywidgets': '7.7.1', 'tqdm': '4.66.1', 'numpy': '1.23.5', 'pandas': '1.5.3', 'jinja2': '3.1.2', 'scipy': '1.10.1', 'joblib': '1.3.2', 'sklearn': '1.2.2', 'pyod': '1.1.2', 'imblearn': '0.10.1', 'category_encoders': '2.6.3', 'lightgbm': '4.1.0', 'numba': '0.58.1', 'requests': '2.31.0', 'matplotlib': '3.6.0', 'scikitplot': '0.3.7', 'yellowbrick': '1.5', 'plotly': '5.15.0', 'plotly-resampler': 'Not installed', 'kaleido': '0.2.1', 'schemdraw': '0.15', 'statsmodels': '0.14.1', 'sktime': '0.21.1', 'tbats': '1.1.3', 'pmdarima': '2.0.4', 'psutil': '5.9.5', 'markupsafe': '2.1.3', 'pickle5': 'Not installed', 'cloudpickle': '2.2.1', 'deprecation': '2.1.0', 'xxhash': '3.4.1', 'wurlitzer': '3.0.3'}, 'python': {'version': '3.10.12', 'machine': 'x86_64'}}
  warnings.warn(

2023-12-27 17:46:54,398:INFO:Initializing load_model()
2023-12-27 17:46:54,400:INFO:load_model(model_name=recursos/modelo-previsao-preco-diamante, platform=None, authentication=None, verbose=True)
2023-12-27 17:46:54,490:WARNING:/usr/local/lib/python3.9/site-packages/pycaret/internal/pipeline.py:135: UserWarning: Version mismatch:
current: {'deps_info': {'pip': '23.3.2', 'setuptools': '58.1.0', 'pycaret': '3.0.4', 'IPython': '8.18.1', 'ipywidgets': '8.1.1', 'tqdm': '4.66.1', 'numpy': '1.23.5', 'pandas': '1.5.3', 'jinja2': '3.1.2', 'scipy': '1.11.4', 'joblib': '1.3.2', 'sklearn': '1.2.2', 'pyod': '1.1.2', 'imblearn': '0.11.0', 'category_encoders': '2.6.3', 'lightgbm': '4.2.0', 'numba': '0.58.1', 'requests': '2.31.0', 'matplotlib': '3.7.0', 'scikitplot': '0.3.7', 'yellowbrick': '1.5', 'plotly': '5.18.0', 'plotly-resampler': 'Not installed', 'kaleido': '0.2.1', 'schemdraw': '0.15', 'statsmodels': '0.14.1', 'sktime': '0.25.0', 'tbats': '1.1.3', 'pmdarima': '2.0.4', 'psutil': '5.9.7', 'markupsafe': '2.1.3', 'pickle5': 'Not installed', 'cloudpickle': '3.0.0', 'deprecation': '2.1.0', 'xxhash': '3.4.1', 'wurlitzer': '3.0.3'}, 'python': {'version': '3.9.18', 'machine': 'x86_64'}}
pickle: {'deps_info': {'pip': '23.1.2', 'setuptools': '67.7.2', 'pycaret': '3.2.0', 'IPython': '7.34.0', 'ipywidgets': '7.7.1', 'tqdm': '4.66.1', 'numpy': '1.23.5', 'pandas': '1.5.3', 'jinja2': '3.1.2', 'scipy': '1.10.1', 'joblib': '1.3.2', 'sklearn': '1.2.2', 'pyod': '1.1.2', 'imblearn': '0.10.1', 'category_encoders': '2.6.3', 'lightgbm': '4.1.0', 'numba': '0.58.1', 'requests': '2.31.0', 'matplotlib': '3.6.0', 'scikitplot': '0.3.7', 'yellowbrick': '1.5', 'plotly': '5.15.0', 'plotly-resampler': 'Not installed', 'kaleido': '0.2.1', 'schemdraw': '0.15', 'statsmodels': '0.14.1', 'sktime': '0.21.1', 'tbats': '1.1.3', 'pmdarima': '2.0.4', 'psutil': '5.9.5', 'markupsafe': '2.1.3', 'pickle5': 'Not installed', 'cloudpickle': '2.2.1', 'deprecation': '2.1.0', 'xxhash': '3.4.1', 'wurlitzer': '3.0.3'}, 'python': {'version': '3.10.12', 'machine': 'x86_64'}}
  warnings.warn(

2023-12-27 17:46:54,530:INFO:Initializing predict_model()
2023-12-27 17:46:54,530:INFO:predict_model(self=<pycaret.regression.oop.RegressionExperiment object at 0x7f3615f770a0>, estimator=Pipeline(steps=[('numerical_imputer',
                 TransformerWrapper(include=['Carat Weight'],
                                    transformer=SimpleImputer())),
                ('categorical_imputer',
                 TransformerWrapper(include=['Cut', 'Color', 'Clarity',
                                             'Polish', 'Symmetry', 'Report'],
                                    transformer=SimpleImputer(strategy='most_frequent'))),
                ('ordinal_encoding',
                 TransformerWrapper(include=['Report'],
                                    transformer=OrdinalEnco...
                                             'Polish', 'Symmetry'],
                                    transformer=OneHotEncoder(cols=['Cut',
                                                                    'Color',
                                                                    'Clarity',
                                                                    'Polish',
                                                                    'Symmetry'],
                                                              handle_missing='return_nan',
                                                              use_cat_names=True))),
                ('normalize', TransformerWrapper(transformer=StandardScaler())),
                ('clean_column_names',
                 TransformerWrapper(transformer=CleanColumnNames())),
                ('actual_estimator',
                 ExtraTreesRegressor(n_jobs=-1, random_state=2900))]), probability_threshold=None, encoded_labels=False, raw_score=False, round=4, verbose=True, ml_usecase=None, preprocess=True, encode_labels=<function _SupervisedExperiment.predict_model.<locals>.encode_labels at 0x7f3608fb6790>)
2023-12-27 17:46:54,530:INFO:Checking exceptions
2023-12-27 17:46:54,530:INFO:Preloading libraries
2023-12-27 17:46:54,531:INFO:Set up data.
2023-12-27 17:46:54,538:INFO:Set up index.
